C:\USERS\57326\DOCUMENTS\GITHUB\MDPPOTENTIALMODEL\POTENTIALMODEL\DEBUG\POTENTIALMODEL.EXE
C:\USERS\57326\DOCUMENTS\GITHUB\MDPPOTENTIALMODEL\POTENTIALMODEL\DEBUG\POTENTIALMODEL.ILK
C:\USERS\57326\DOCUMENTS\GITHUB\MDPPOTENTIALMODEL\POTENTIALMODEL\DEBUG\POTENTIALMODEL.PDB
C:\Users\57326\Documents\GitHub\MDPPotentialModel\PotentialModel\PotentialModel\Debug\cl.command.1.tlog
C:\Users\57326\Documents\GitHub\MDPPotentialModel\PotentialModel\PotentialModel\Debug\CL.read.1.tlog
C:\Users\57326\Documents\GitHub\MDPPotentialModel\PotentialModel\PotentialModel\Debug\CL.write.1.tlog
C:\USERS\57326\DOCUMENTS\GITHUB\MDPPOTENTIALMODEL\POTENTIALMODEL\POTENTIALMODEL\DEBUG\INPUTDATA.OBJ
C:\Users\57326\Documents\GitHub\MDPPotentialModel\PotentialModel\PotentialModel\Debug\link.12488.read.1.tlog
C:\Users\57326\Documents\GitHub\MDPPotentialModel\PotentialModel\PotentialModel\Debug\link.12488.write.1.tlog
C:\Users\57326\Documents\GitHub\MDPPotentialModel\PotentialModel\PotentialModel\Debug\link.12488-cvtres.read.1.tlog
C:\Users\57326\Documents\GitHub\MDPPotentialModel\PotentialModel\PotentialModel\Debug\link.12488-cvtres.write.1.tlog
C:\Users\57326\Documents\GitHub\MDPPotentialModel\PotentialModel\PotentialModel\Debug\link.command.1.tlog
C:\Users\57326\Documents\GitHub\MDPPotentialModel\PotentialModel\PotentialModel\Debug\link.read.1.tlog
C:\Users\57326\Documents\GitHub\MDPPotentialModel\PotentialModel\PotentialModel\Debug\link.write.1.tlog
C:\Users\57326\Documents\GitHub\MDPPotentialModel\PotentialModel\PotentialModel\Debug\link-cvtres.read.1.tlog
C:\Users\57326\Documents\GitHub\MDPPotentialModel\PotentialModel\PotentialModel\Debug\link-cvtres.write.1.tlog
C:\USERS\57326\DOCUMENTS\GITHUB\MDPPOTENTIALMODEL\POTENTIALMODEL\POTENTIALMODEL\DEBUG\MATRIX.OBJ
C:\Users\57326\Documents\GitHub\MDPPotentialModel\PotentialModel\PotentialModel\Debug\mt.command.1.tlog
C:\Users\57326\Documents\GitHub\MDPPotentialModel\PotentialModel\PotentialModel\Debug\mt.read.1.tlog
C:\Users\57326\Documents\GitHub\MDPPotentialModel\PotentialModel\PotentialModel\Debug\mt.write.1.tlog
C:\USERS\57326\DOCUMENTS\GITHUB\MDPPOTENTIALMODEL\POTENTIALMODEL\POTENTIALMODEL\DEBUG\POTENTIALMODEL.EXE.EMBED.MANIFEST
C:\USERS\57326\DOCUMENTS\GITHUB\MDPPOTENTIALMODEL\POTENTIALMODEL\POTENTIALMODEL\DEBUG\POTENTIALMODEL.EXE.EMBED.MANIFEST.RES
C:\USERS\57326\DOCUMENTS\GITHUB\MDPPOTENTIALMODEL\POTENTIALMODEL\POTENTIALMODEL\DEBUG\POTENTIALMODEL.EXE.INTERMEDIATE.MANIFEST
C:\USERS\57326\DOCUMENTS\GITHUB\MDPPOTENTIALMODEL\POTENTIALMODEL\POTENTIALMODEL\DEBUG\POTENTIALMODEL.OBJ
C:\USERS\57326\DOCUMENTS\GITHUB\MDPPOTENTIALMODEL\POTENTIALMODEL\POTENTIALMODEL\DEBUG\POTENTIALMODEL.PCH
C:\Users\57326\Documents\GitHub\MDPPotentialModel\PotentialModel\PotentialModel\Debug\PotentialModel.vcxprojResolveAssemblyReference.cache
C:\Users\57326\Documents\GitHub\MDPPotentialModel\PotentialModel\PotentialModel\Debug\PotentialModel.write.1.tlog
C:\Users\57326\Documents\GitHub\MDPPotentialModel\PotentialModel\PotentialModel\Debug\PotentialModel_manifest.rc
C:\Users\57326\Documents\GitHub\MDPPotentialModel\PotentialModel\PotentialModel\Debug\rc.command.1.tlog
C:\Users\57326\Documents\GitHub\MDPPotentialModel\PotentialModel\PotentialModel\Debug\rc.read.1.tlog
C:\Users\57326\Documents\GitHub\MDPPotentialModel\PotentialModel\PotentialModel\Debug\rc.write.1.tlog
C:\USERS\57326\DOCUMENTS\GITHUB\MDPPOTENTIALMODEL\POTENTIALMODEL\POTENTIALMODEL\DEBUG\STDAFX.OBJ
C:\USERS\57326\DOCUMENTS\GITHUB\MDPPOTENTIALMODEL\POTENTIALMODEL\POTENTIALMODEL\DEBUG\TRAFFICMODEL.OBJ
C:\Users\57326\Documents\GitHub\MDPPotentialModel\PotentialModel\PotentialModel\Debug\vc100.idb
C:\USERS\57326\DOCUMENTS\GITHUB\MDPPOTENTIALMODEL\POTENTIALMODEL\POTENTIALMODEL\DEBUG\VC100.PDB
